# JRE version: Java(TM) SE Runtime Environment (8.0_141-b15) (build 1.8.0_141-b15)
# Java VM: Java HotSpot(TM) 64-Bit Server VM (25.141-b15 mixed mode windows-amd64 compressed oops)
Heap:
 PSYoungGen      total 50176K, used 25610K [0x00000000d5f00000, 0x00000000da200000, 0x0000000100000000)
  eden space 49152K, 50% used [0x00000000d5f00000,0x00000000d77229f8,0x00000000d8f00000)
  from space 1024K, 87% used [0x00000000d9000000,0x00000000d90e0040,0x00000000d9100000)
  to   space 9728K, 0% used [0x00000000d9880000,0x00000000d9880000,0x00000000da200000)
 ParOldGen       total 61440K, used 48378K [0x0000000081c00000, 0x0000000085800000, 0x00000000d5f00000)
  object space 61440K, 78% used [0x0000000081c00000,0x0000000084b3eb48,0x0000000085800000)
 Metaspace       used 37806K, capacity 38601K, committed 38696K, reserved 1083392K
  class space    used 4201K, capacity 4328K, committed 4392K, reserved 1048576K
GC Heap History (10 events):
Event: 10389.847 GC heap before
{Heap before GC invocations=41 (full 2):
 PSYoungGen      total 64000K, used 59200K [0x00000000d5f00000, 0x00000000da880000, 0x0000000100000000)
  eden space 53760K, 100% used [0x00000000d5f00000,0x00000000d9380000,0x00000000d9380000)
  from space 10240K, 53% used [0x00000000d9e80000,0x00000000da3d0020,0x00000000da880000)
  to   space 10752K, 0% used [0x00000000d9380000,0x00000000d9380000,0x00000000d9e00000)
 ParOldGen       total 61440K, used 42933K [0x0000000081c00000, 0x0000000085800000, 0x00000000d5f00000)
  object space 61440K, 69% used [0x0000000081c00000,0x00000000845ed5d8,0x0000000085800000)
 Metaspace       used 37670K, capacity 38455K, committed 38696K, reserved 1083392K
  class space    used 4200K, capacity 4326K, committed 4392K, reserved 1048576K
Event: 10389.851 GC heap after
Heap after GC invocations=41 (full 2):
 PSYoungGen      total 64512K, used 5280K [0x00000000d5f00000, 0x00000000db380000, 0x0000000100000000)
  eden space 53760K, 0% used [0x00000000d5f00000,0x00000000d5f00000,0x00000000d9380000)
  from space 10752K, 49% used [0x00000000d9380000,0x00000000d98a8000,0x00000000d9e00000)
  to   space 10240K, 0% used [0x00000000da980000,0x00000000da980000,0x00000000db380000)
 ParOldGen       total 61440K, used 43101K [0x0000000081c00000, 0x0000000085800000, 0x00000000d5f00000)
  object space 61440K, 70% used [0x0000000081c00000,0x00000000846175d8,0x0000000085800000)
 Metaspace       used 37670K, capacity 38455K, committed 38696K, reserved 1083392K
  class space    used 4200K, capacity 4326K, committed 4392K, reserved 1048576K
}
Event: 10515.473 GC heap before
{Heap before GC invocations=42 (full 2):
 PSYoungGen      total 64512K, used 59040K [0x00000000d5f00000, 0x00000000db380000, 0x0000000100000000)
  eden space 53760K, 100% used [0x00000000d5f00000,0x00000000d9380000,0x00000000d9380000)
  from space 10752K, 49% used [0x00000000d9380000,0x00000000d98a8000,0x00000000d9e00000)
  to   space 10240K, 0% used [0x00000000da980000,0x00000000da980000,0x00000000db380000)
 ParOldGen       total 61440K, used 43101K [0x0000000081c00000, 0x0000000085800000, 0x00000000d5f00000)
  object space 61440K, 70% used [0x0000000081c00000,0x00000000846175d8,0x0000000085800000)
 Metaspace       used 37686K, capacity 38455K, committed 38696K, reserved 1083392K
  class space    used 4200K, capacity 4326K, committed 4392K, reserved 1048576K
Event: 10515.477 GC heap after
Heap after GC invocations=42 (full 2):
 PSYoungGen      total 57856K, used 5344K [0x00000000d5f00000, 0x00000000daf00000, 0x0000000100000000)
  eden space 52224K, 0% used [0x00000000d5f00000,0x00000000d5f00000,0x00000000d9200000)
  from space 5632K, 94% used [0x00000000da980000,0x00000000daeb8000,0x00000000daf00000)
  to   space 10240K, 0% used [0x00000000d9b00000,0x00000000d9b00000,0x00000000da500000)
 ParOldGen       total 61440K, used 43197K [0x0000000081c00000, 0x0000000085800000, 0x00000000d5f00000)
  object space 61440K, 70% used [0x0000000081c00000,0x000000008462f5d8,0x0000000085800000)
 Metaspace       used 37686K, capacity 38455K, committed 38696K, reserved 1083392K
  class space    used 4200K, capacity 4326K, committed 4392K, reserved 1048576K
}
Event: 10517.100 GC heap before
{Heap before GC invocations=43 (full 2):
 PSYoungGen      total 57856K, used 57568K [0x00000000d5f00000, 0x00000000daf00000, 0x0000000100000000)
  eden space 52224K, 100% used [0x00000000d5f00000,0x00000000d9200000,0x00000000d9200000)
  from space 5632K, 94% used [0x00000000da980000,0x00000000daeb8000,0x00000000daf00000)
  to   space 10240K, 0% used [0x00000000d9b00000,0x00000000d9b00000,0x00000000da500000)
 ParOldGen       total 61440K, used 43197K [0x0000000081c00000, 0x0000000085800000, 0x00000000d5f00000)
  object space 61440K, 70% used [0x0000000081c00000,0x000000008462f5d8,0x0000000085800000)
 Metaspace       used 37686K, capacity 38455K, committed 38696K, reserved 1083392K
  class space    used 4200K, capacity 4326K, committed 4392K, reserved 1048576K
Event: 10517.104 GC heap after
Heap after GC invocations=43 (full 2):
 PSYoungGen      total 54784K, used 3168K [0x00000000d5f00000, 0x00000000daa00000, 0x0000000100000000)
  eden space 51200K, 0% used [0x00000000d5f00000,0x00000000d5f00000,0x00000000d9100000)
  from space 3584K, 88% used [0x00000000d9b00000,0x00000000d9e18000,0x00000000d9e80000)
  to   space 9728K, 0% used [0x00000000da080000,0x00000000da080000,0x00000000daa00000)
 ParOldGen       total 61440K, used 45373K [0x0000000081c00000, 0x0000000085800000, 0x00000000d5f00000)
  object space 61440K, 73% used [0x0000000081c00000,0x000000008484f5d8,0x0000000085800000)
 Metaspace       used 37686K, capacity 38455K, committed 38696K, reserved 1083392K
  class space    used 4200K, capacity 4326K, committed 4392K, reserved 1048576K
}
Event: 10600.716 GC heap before
{Heap before GC invocations=44 (full 2):
 PSYoungGen      total 54784K, used 54368K [0x00000000d5f00000, 0x00000000daa00000, 0x0000000100000000)
  eden space 51200K, 100% used [0x00000000d5f00000,0x00000000d9100000,0x00000000d9100000)
  from space 3584K, 88% used [0x00000000d9b00000,0x00000000d9e18000,0x00000000d9e80000)
  to   space 9728K, 0% used [0x00000000da080000,0x00000000da080000,0x00000000daa00000)
 ParOldGen       total 61440K, used 45373K [0x0000000081c00000, 0x0000000085800000, 0x00000000d5f00000)
  object space 61440K, 73% used [0x0000000081c00000,0x000000008484f5d8,0x0000000085800000)
 Metaspace       used 37688K, capacity 38455K, committed 38696K, reserved 1083392K
  class space    used 4200K, capacity 4326K, committed 4392K, reserved 1048576K
Event: 10600.720 GC heap after
Heap after GC invocations=44 (full 2):
 PSYoungGen      total 52736K, used 320K [0x00000000d5f00000, 0x00000000da300000, 0x0000000100000000)
  eden space 50176K, 0% used [0x00000000d5f00000,0x00000000d5f00000,0x00000000d9000000)
  from space 2560K, 12% used [0x00000000da080000,0x00000000da0d0000,0x00000000da300000)
  to   space 9728K, 0% used [0x00000000d9000000,0x00000000d9000000,0x00000000d9980000)
 ParOldGen       total 61440K, used 48296K [0x0000000081c00000, 0x0000000085800000, 0x00000000d5f00000)
  object space 61440K, 78% used [0x0000000081c00000,0x0000000084b2a008,0x0000000085800000)
 Metaspace       used 37688K, capacity 38455K, committed 38696K, reserved 1083392K
  class space    used 4200K, capacity 4326K, committed 4392K, reserved 1048576K
}
Event: 10625.626 GC heap before
{Heap before GC invocations=45 (full 2):
 PSYoungGen      total 52736K, used 50496K [0x00000000d5f00000, 0x00000000da300000, 0x0000000100000000)
  eden space 50176K, 100% used [0x00000000d5f00000,0x00000000d9000000,0x00000000d9000000)
  from space 2560K, 12% used [0x00000000da080000,0x00000000da0d0000,0x00000000da300000)
  to   space 9728K, 0% used [0x00000000d9000000,0x00000000d9000000,0x00000000d9980000)
 ParOldGen       total 61440K, used 48296K [0x0000000081c00000, 0x0000000085800000, 0x00000000d5f00000)
  object space 61440K, 78% used [0x0000000081c00000,0x0000000084b2a008,0x0000000085800000)
 Metaspace       used 37795K, capacity 38601K, committed 38696K, reserved 1083392K
  class space    used 4201K, capacity 4328K, committed 4392K, reserved 1048576K
Event: 10625.628 GC heap after
Heap after GC invocations=45 (full 2):
 PSYoungGen      total 50176K, used 896K [0x00000000d5f00000, 0x00000000da200000, 0x0000000100000000)
  eden space 49152K, 0% used [0x00000000d5f00000,0x00000000d5f00000,0x00000000d8f00000)
  from space 1024K, 87% used [0x00000000d9000000,0x00000000d90e0040,0x00000000d9100000)
  to   space 9728K, 0% used [0x00000000d9880000,0x00000000d9880000,0x00000000da200000)
 ParOldGen       total 61440K, used 48378K [0x0000000081c00000, 0x0000000085800000, 0x00000000d5f00000)
  object space 61440K, 78% used [0x0000000081c00000,0x0000000084b3eb48,0x0000000085800000)
 Metaspace       used 37795K, capacity 38601K, committed 38696K, reserved 1083392K
  class space    used 4201K, capacity 4328K, committed 4392K, reserved 1048576K
}

