# JRE version: Java(TM) SE Runtime Environment (8.0_172-b11) (build 1.8.0_172-b11)
# Java VM: Java HotSpot(TM) 64-Bit Server VM (25.172-b11 mixed mode windows-amd64 compressed oops)
Heap:
 PSYoungGen      total 589312K, used 205938K [0x000000076b400000, 0x0000000791f80000, 0x00000007c0000000)
  eden space 564736K, 35% used [0x000000076b400000,0x00000007777a2d60,0x000000078db80000)
  from space 24576K, 22% used [0x0000000790780000,0x0000000790cf9dd8,0x0000000791f80000)
  to   space 34816K, 0% used [0x000000078db80000,0x000000078db80000,0x000000078fd80000)
 ParOldGen       total 142848K, used 33426K [0x00000006c1c00000, 0x00000006ca780000, 0x000000076b400000)
  object space 142848K, 23% used [0x00000006c1c00000,0x00000006c3ca4a90,0x00000006ca780000)
 Metaspace       used 48016K, capacity 48902K, committed 49152K, reserved 1093632K
  class space    used 5456K, capacity 5587K, committed 5632K, reserved 1048576K
GC Heap History (10 events):
Event: 17.731 GC heap before
{Heap before GC invocations=8 (full 1):
 PSYoungGen      total 244736K, used 29831K [0x000000076b400000, 0x000000077d180000, 0x00000007c0000000)
  eden space 205824K, 6% used [0x000000076b400000,0x000000076c017880,0x0000000777d00000)
  from space 38912K, 44% used [0x000000077a100000,0x000000077b20a608,0x000000077c700000)
  to   space 36864K, 0% used [0x0000000777d00000,0x0000000777d00000,0x000000077a100000)
 ParOldGen       total 119296K, used 16212K [0x00000006c1c00000, 0x00000006c9080000, 0x000000076b400000)
  object space 119296K, 13% used [0x00000006c1c00000,0x00000006c2bd50d0,0x00000006c9080000)
 Metaspace       used 34853K, capacity 35408K, committed 35496K, reserved 1081344K
  class space    used 4205K, capacity 4334K, committed 4352K, reserved 1048576K
Event: 17.740 GC heap after
Heap after GC invocations=8 (full 1):
 PSYoungGen      total 242688K, used 15724K [0x000000076b400000, 0x0000000787680000, 0x00000007c0000000)
  eden space 205824K, 0% used [0x000000076b400000,0x000000076b400000,0x0000000777d00000)
  from space 36864K, 42% used [0x0000000777d00000,0x0000000778c5b220,0x000000077a100000)
  to   space 35328K, 0% used [0x0000000785400000,0x0000000785400000,0x0000000787680000)
 ParOldGen       total 119296K, used 16220K [0x00000006c1c00000, 0x00000006c9080000, 0x000000076b400000)
  object space 119296K, 13% used [0x00000006c1c00000,0x00000006c2bd70d0,0x00000006c9080000)
 Metaspace       used 34853K, capacity 35408K, committed 35496K, reserved 1081344K
  class space    used 4205K, capacity 4334K, committed 4352K, reserved 1048576K
}
Event: 17.740 GC heap before
{Heap before GC invocations=9 (full 2):
 PSYoungGen      total 242688K, used 15724K [0x000000076b400000, 0x0000000787680000, 0x00000007c0000000)
  eden space 205824K, 0% used [0x000000076b400000,0x000000076b400000,0x0000000777d00000)
  from space 36864K, 42% used [0x0000000777d00000,0x0000000778c5b220,0x000000077a100000)
  to   space 35328K, 0% used [0x0000000785400000,0x0000000785400000,0x0000000787680000)
 ParOldGen       total 119296K, used 16220K [0x00000006c1c00000, 0x00000006c9080000, 0x000000076b400000)
  object space 119296K, 13% used [0x00000006c1c00000,0x00000006c2bd70d0,0x00000006c9080000)
 Metaspace       used 34853K, capacity 35408K, committed 35496K, reserved 1081344K
  class space    used 4205K, capacity 4334K, committed 4352K, reserved 1048576K
Event: 17.799 GC heap after
Heap after GC invocations=9 (full 2):
 PSYoungGen      total 242688K, used 0K [0x000000076b400000, 0x0000000787680000, 0x00000007c0000000)
  eden space 205824K, 0% used [0x000000076b400000,0x000000076b400000,0x0000000777d00000)
  from space 36864K, 0% used [0x0000000777d00000,0x0000000777d00000,0x000000077a100000)
  to   space 35328K, 0% used [0x0000000785400000,0x0000000785400000,0x0000000787680000)
 ParOldGen       total 142848K, used 27695K [0x00000006c1c00000, 0x00000006ca780000, 0x000000076b400000)
  object space 142848K, 19% used [0x00000006c1c00000,0x00000006c370beb8,0x00000006ca780000)
 Metaspace       used 34853K, capacity 35408K, committed 35496K, reserved 1081344K
  class space    used 4205K, capacity 4334K, committed 4352K, reserved 1048576K
}
Event: 24.540 GC heap before
{Heap before GC invocations=10 (full 2):
 PSYoungGen      total 242688K, used 205824K [0x000000076b400000, 0x0000000787680000, 0x00000007c0000000)
  eden space 205824K, 100% used [0x000000076b400000,0x0000000777d00000,0x0000000777d00000)
  from space 36864K, 0% used [0x0000000777d00000,0x0000000777d00000,0x000000077a100000)
  to   space 35328K, 0% used [0x0000000785400000,0x0000000785400000,0x0000000787680000)
 ParOldGen       total 142848K, used 27695K [0x00000006c1c00000, 0x00000006ca780000, 0x000000076b400000)
  object space 142848K, 19% used [0x00000006c1c00000,0x00000006c370beb8,0x00000006ca780000)
 Metaspace       used 46197K, capacity 46910K, committed 47104K, reserved 1091584K
  class space    used 5435K, capacity 5576K, committed 5632K, reserved 1048576K
Event: 24.551 GC heap after
Heap after GC invocations=10 (full 2):
 PSYoungGen      total 410624K, used 13546K [0x000000076b400000, 0x0000000786e00000, 0x00000007c0000000)
  eden space 384000K, 0% used [0x000000076b400000,0x000000076b400000,0x0000000782b00000)
  from space 26624K, 50% used [0x0000000785400000,0x000000078613abd0,0x0000000786e00000)
  to   space 34304K, 0% used [0x0000000782b00000,0x0000000782b00000,0x0000000784c80000)
 ParOldGen       total 142848K, used 27711K [0x00000006c1c00000, 0x00000006ca780000, 0x000000076b400000)
  object space 142848K, 19% used [0x00000006c1c00000,0x00000006c370feb8,0x00000006ca780000)
 Metaspace       used 46197K, capacity 46910K, committed 47104K, reserved 1091584K
  class space    used 5435K, capacity 5576K, committed 5632K, reserved 1048576K
}
Event: 67.444 GC heap before
{Heap before GC invocations=11 (full 2):
 PSYoungGen      total 410624K, used 397546K [0x000000076b400000, 0x0000000786e00000, 0x00000007c0000000)
  eden space 384000K, 100% used [0x000000076b400000,0x0000000782b00000,0x0000000782b00000)
  from space 26624K, 50% used [0x0000000785400000,0x000000078613abd0,0x0000000786e00000)
  to   space 34304K, 0% used [0x0000000782b00000,0x0000000782b00000,0x0000000784c80000)
 ParOldGen       total 142848K, used 27711K [0x00000006c1c00000, 0x00000006ca780000, 0x000000076b400000)
  object space 142848K, 19% used [0x00000006c1c00000,0x00000006c370feb8,0x00000006ca780000)
 Metaspace       used 47033K, capacity 47784K, committed 48128K, reserved 1091584K
  class space    used 5442K, capacity 5582K, committed 5632K, reserved 1048576K
Event: 67.449 GC heap after
Heap after GC invocations=11 (full 2):
 PSYoungGen      total 418304K, used 7009K [0x000000076b400000, 0x0000000792980000, 0x00000007c0000000)
  eden space 384000K, 0% used [0x000000076b400000,0x000000076b400000,0x0000000782b00000)
  from space 34304K, 20% used [0x0000000782b00000,0x00000007831d8748,0x0000000784c80000)
  to   space 34816K, 0% used [0x0000000790780000,0x0000000790780000,0x0000000792980000)
 ParOldGen       total 142848K, used 27727K [0x00000006c1c00000, 0x00000006ca780000, 0x000000076b400000)
  object space 142848K, 19% used [0x00000006c1c00000,0x00000006c3713ed0,0x00000006ca780000)
 Metaspace       used 47033K, capacity 47784K, committed 48128K, reserved 1091584K
  class space    used 5442K, capacity 5582K, committed 5632K, reserved 1048576K
}
Event: 5049.349 GC heap before
{Heap before GC invocations=12 (full 2):
 PSYoungGen      total 418304K, used 391009K [0x000000076b400000, 0x0000000792980000, 0x00000007c0000000)
  eden space 384000K, 100% used [0x000000076b400000,0x0000000782b00000,0x0000000782b00000)
  from space 34304K, 20% used [0x0000000782b00000,0x00000007831d8748,0x0000000784c80000)
  to   space 34816K, 0% used [0x0000000790780000,0x0000000790780000,0x0000000792980000)
 ParOldGen       total 142848K, used 27727K [0x00000006c1c00000, 0x00000006ca780000, 0x000000076b400000)
  object space 142848K, 19% used [0x00000006c1c00000,0x00000006c3713ed0,0x00000006ca780000)
 Metaspace       used 47941K, capacity 48838K, committed 49152K, reserved 1093632K
  class space    used 5453K, capacity 5587K, committed 5632K, reserved 1048576K
Event: 5049.362 GC heap after
Heap after GC invocations=12 (full 2):
 PSYoungGen      total 589312K, used 5607K [0x000000076b400000, 0x0000000791f80000, 0x00000007c0000000)
  eden space 564736K, 0% used [0x000000076b400000,0x000000076b400000,0x000000078db80000)
  from space 24576K, 22% used [0x0000000790780000,0x0000000790cf9dd8,0x0000000791f80000)
  to   space 34816K, 0% used [0x000000078db80000,0x000000078db80000,0x000000078fd80000)
 ParOldGen       total 142848K, used 33426K [0x00000006c1c00000, 0x00000006ca780000, 0x000000076b400000)
  object space 142848K, 23% used [0x00000006c1c00000,0x00000006c3ca4a90,0x00000006ca780000)
 Metaspace       used 47941K, capacity 48838K, committed 49152K, reserved 1093632K
  class space    used 5453K, capacity 5587K, committed 5632K, reserved 1048576K
}

